1511586381914	geckodriver	INFO	geckodriver 0.19.1
1511586381930	geckodriver	INFO	Listening on 127.0.0.1:60016
1511586383772	mozrunner::runner	INFO	Running command: "C:\\Program Files\\Mozilla Firefox\\firefox.exe" "-marionette" "-profile" "C:\\Users\\lenovo\\AppData\\Local\\Temp\\rust_mozprofile.Lt9XrHn6xNae"
1511586385238	Marionette	INFO	Enabled via --marionette
Unable to read VR Path Registry from C:\Users\lenovo\AppData\Local\openvr\openvrpaths.vrpath
[Child 2800, Chrome_ChildThread] WARNING: pipe error: 109: file z:/build/build/src/ipc/chromium/src/chrome/common/ipc_channel_win.cc, line 346
[Child 2800, Chrome_ChildThread] WARNING: pipe error: 109: file z:/build/build/src/ipc/chromium/src/chrome/common/ipc_channel_win.cc, line 346
1511586389730	Marionette	INFO	Listening on port 60023
1511586390083	Marionette	WARN	TLS certificate errors will be ignored for this session
1511586390203	Marionette	DEBUG	Register listener.js for window 4294967297
Unable to read VR Path Registry from C:\Users\lenovo\AppData\Local\openvr\openvrpaths.vrpath
[Parent 12280, Gecko_IOThread] WARNING: pipe error: 109: file z:/build/build/src/ipc/chromium/src/chrome/common/ipc_channel_win.cc, line 346
[Parent 12280, Gecko_IOThread] WARNING: pipe error: 109: file z:/build/build/src/ipc/chromium/src/chrome/common/ipc_channel_win.cc, line 346
Unable to read VR Path Registry from C:\Users\lenovo\AppData\Local\openvr\openvrpaths.vrpath
[Child 13296, Chrome_ChildThread] WARNING: pipe error: 109: file z:/build/build/src/ipc/chromium/src/chrome/common/ipc_channel_win.cc, line 346
[Child 13296, Chrome_ChildThread] WARNING: pipe error: 109: file z:/build/build/src/ipc/chromium/src/chrome/common/ipc_channel_win.cc, line 346
Unable to read VR Path Registry from C:\Users\lenovo\AppData\Local\openvr\openvrpaths.vrpath
[Child 3452, Chrome_ChildThread] WARNING: pipe error: 109: file z:/build/build/src/ipc/chromium/src/chrome/common/ipc_channel_win.cc, line 346
[Child 3452, Chrome_ChildThread] WARNING: pipe error: 109: file z:/build/build/src/ipc/chromium/src/chrome/common/ipc_channel_win.cc, line 346
*** UTM:SVC TimerManager:registerTimer called after profile-before-change notification. Ignoring timer registration for id: telemetry_modules_ping
Unable to read VR Path Registry from C:\Users\lenovo\AppData\Local\openvr\openvrpaths.vrpath
[GPU 12400, Chrome_ChildThread] WARNING: pipe error: 109: file z:/build/build/src/ipc/chromium/src/chrome/common/ipc_channel_win.cc, line 346

###!!! [Child][MessageChannel::SendAndWait] Error: Channel error: cannot send/recv

1511586428407	geckodriver	INFO	geckodriver 0.19.1
1511586428419	geckodriver	INFO	Listening on 127.0.0.1:60068
1511586430427	mozrunner::runner	INFO	Running command: "C:\\Program Files\\Mozilla Firefox\\firefox.exe" "-marionette" "-profile" "C:\\Users\\lenovo\\AppData\\Local\\Temp\\rust_mozprofile.sjvjzF0SYIZa"
1511586432051	Marionette	INFO	Enabled via --marionette
Unable to read VR Path Registry from C:\Users\lenovo\AppData\Local\openvr\openvrpaths.vrpath
[Child 5184, Chrome_ChildThread] WARNING: pipe error: 109: file z:/build/build/src/ipc/chromium/src/chrome/common/ipc_channel_win.cc, line 346
[Child 5184, Chrome_ChildThread] WARNING: pipe error: 109: file z:/build/build/src/ipc/chromium/src/chrome/common/ipc_channel_win.cc, line 346
1511586436154	Marionette	INFO	Listening on port 60074
1511586436218	Marionette	WARN	TLS certificate errors will be ignored for this session
1511586436305	Marionette	DEBUG	Register listener.js for window 4294967297
1511586436490	Marionette	DEBUG	Received DOM event "beforeunload" for "about:blank"
1511586437690	Marionette	DEBUG	Received DOM event "pagehide" for "about:blank"
1511586437691	Marionette	DEBUG	Received DOM event "unload" for "about:blank"
1511586439552	Marionette	DEBUG	Received DOM event "DOMContentLoaded" for "https://www.facebook.com/"
1511586443504	Marionette	DEBUG	Received DOM event "pageshow" for "https://www.facebook.com/"
Unable to read VR Path Registry from C:\Users\lenovo\AppData\Local\openvr\openvrpaths.vrpath
[Child 11240, Chrome_ChildThread] WARNING: pipe error: 109: file z:/build/build/src/ipc/chromium/src/chrome/common/ipc_channel_win.cc, line 346
[Child 11240, Chrome_ChildThread] WARNING: pipe error: 109: file z:/build/build/src/ipc/chromium/src/chrome/common/ipc_channel_win.cc, line 346
*** UTM:SVC TimerManager:registerTimer called after profile-before-change notification. Ignoring timer registration for id: telemetry_modules_ping

###!!! [Child][MessageChannel::SendAndWait] Error: Channel error: cannot send/recv

Unable to read VR Path Registry from C:\Users\lenovo\AppData\Local\openvr\openvrpaths.vrpath
1511586482907	geckodriver	INFO	geckodriver 0.19.1
1511586482919	geckodriver	INFO	Listening on 127.0.0.1:60125
1511586484918	mozrunner::runner	INFO	Running command: "C:\\Program Files\\Mozilla Firefox\\firefox.exe" "-marionette" "-profile" "C:\\Users\\lenovo\\AppData\\Local\\Temp\\rust_mozprofile.Lsnig6vXcfoz"
1511586486531	Marionette	INFO	Enabled via --marionette
1511586490901	Marionette	INFO	Listening on port 60131
1511586491207	Marionette	WARN	TLS certificate errors will be ignored for this session
1511586491353	Marionette	DEBUG	Register listener.js for window 4294967297
1511586491403	Marionette	DEBUG	Received DOM event "beforeunload" for "about:blank"
1511586492576	Marionette	DEBUG	Received DOM event "pagehide" for "about:blank"
1511586492576	Marionette	DEBUG	Received DOM event "unload" for "about:blank"
1511586494495	Marionette	DEBUG	Received DOM event "DOMContentLoaded" for "https://www.facebook.com/"
Unable to read VR Path Registry from C:\Users\lenovo\AppData\Local\openvr\openvrpaths.vrpath
[Parent 4352, Gecko_IOThread] WARNING: pipe error: 109: file z:/build/build/src/ipc/chromium/src/chrome/common/ipc_channel_win.cc, line 346
1511586499218	Marionette	DEBUG	Received DOM event "pageshow" for "https://www.facebook.com/"
Unable to read VR Path Registry from C:\Users\lenovo\AppData\Local\openvr\openvrpaths.vrpath
[Child 12428, Chrome_ChildThread] WARNING: pipe error: 109: file z:/build/build/src/ipc/chromium/src/chrome/common/ipc_channel_win.cc, line 346
[Child 12428, Chrome_ChildThread] WARNING: pipe error: 109: file z:/build/build/src/ipc/chromium/src/chrome/common/ipc_channel_win.cc, line 346
*** UTM:SVC TimerManager:registerTimer called after profile-before-change notification. Ignoring timer registration for id: telemetry_modules_ping
Unable to read VR Path Registry from C:\Users\lenovo\AppData\Local\openvr\openvrpaths.vrpath
[GPU 1236, Chrome_ChildThread] WARNING: pipe error: 109: file z:/build/build/src/ipc/chromium/src/chrome/common/ipc_channel_win.cc, line 346

###!!! [Child][MessageChannel::SendAndWait] Error: Channel error: cannot send/recv

1511586517996	geckodriver	INFO	geckodriver 0.19.1
1511586518007	geckodriver	INFO	Listening on 127.0.0.1:60182
1511586520012	mozrunner::runner	INFO	Running command: "C:\\Program Files\\Mozilla Firefox\\firefox.exe" "-marionette" "-profile" "C:\\Users\\lenovo\\AppData\\Local\\Temp\\rust_mozprofile.Xo1lH7VvKbCA"
1511586521436	Marionette	INFO	Enabled via --marionette
Unable to read VR Path Registry from C:\Users\lenovo\AppData\Local\openvr\openvrpaths.vrpath
[Child 4520, Chrome_ChildThread] WARNING: pipe error: 109: file z:/build/build/src/ipc/chromium/src/chrome/common/ipc_channel_win.cc, line 346
[Child 4520, Chrome_ChildThread] WARNING: pipe error: 109: file z:/build/build/src/ipc/chromium/src/chrome/common/ipc_channel_win.cc, line 346
1511586525698	Marionette	INFO	Listening on port 60190
1511586525797	Marionette	WARN	TLS certificate errors will be ignored for this session
1511586525950	Marionette	DEBUG	Register listener.js for window 4294967297
1511586526073	Marionette	DEBUG	Received DOM event "beforeunload" for "about:blank"
1511586527714	Marionette	DEBUG	Received DOM event "pagehide" for "about:blank"
1511586527715	Marionette	DEBUG	Received DOM event "unload" for "about:blank"
1511586529885	Marionette	DEBUG	Received DOM event "DOMContentLoaded" for "https://www.facebook.com/"
1511586534976	Marionette	DEBUG	Received DOM event "pageshow" for "https://www.facebook.com/"
Unable to read VR Path Registry from C:\Users\lenovo\AppData\Local\openvr\openvrpaths.vrpath
[Parent 8204, Gecko_IOThread] WARNING: pipe error: 109: file z:/build/build/src/ipc/chromium/src/chrome/common/ipc_channel_win.cc, line 346
Unable to read VR Path Registry from C:\Users\lenovo\AppData\Local\openvr\openvrpaths.vrpath
[Child 6072, Chrome_ChildThread] WARNING: pipe error: 109: file z:/build/build/src/ipc/chromium/src/chrome/common/ipc_channel_win.cc, line 346
[Child 6072, Chrome_ChildThread] WARNING: pipe error: 109: file z:/build/build/src/ipc/chromium/src/chrome/common/ipc_channel_win.cc, line 346
*** UTM:SVC TimerManager:registerTimer called after profile-before-change notification. Ignoring timer registration for id: telemetry_modules_ping

###!!! [Child][MessageChannel::SendAndWait] Error: Channel error: cannot send/recv

1511586598224	geckodriver	INFO	geckodriver 0.19.1
1511586598235	geckodriver	INFO	Listening on 127.0.0.1:60242
1511586600237	mozrunner::runner	INFO	Running command: "C:\\Program Files\\Mozilla Firefox\\firefox.exe" "-marionette" "-profile" "C:\\Users\\lenovo\\AppData\\Local\\Temp\\rust_mozprofile.y1Np8x4P3Hfm"
1511586602051	Marionette	INFO	Enabled via --marionette
Unable to read VR Path Registry from C:\Users\lenovo\AppData\Local\openvr\openvrpaths.vrpath
[Child 7100, Chrome_ChildThread] WARNING: pipe error: 109: file z:/build/build/src/ipc/chromium/src/chrome/common/ipc_channel_win.cc, line 346
[Child 7100, Chrome_ChildThread] WARNING: pipe error: 109: file z:/build/build/src/ipc/chromium/src/chrome/common/ipc_channel_win.cc, line 346
1511586606222	Marionette	INFO	Listening on port 60248
1511586606549	Marionette	WARN	TLS certificate errors will be ignored for this session
1511586606709	Marionette	DEBUG	Register listener.js for window 4294967297
1511586606730	Marionette	DEBUG	Received DOM event "beforeunload" for "about:blank"
1511586610712	Marionette	DEBUG	Received DOM event "pagehide" for "about:blank"
1511586610713	Marionette	DEBUG	Received DOM event "unload" for "about:blank"
1511586613309	Marionette	DEBUG	Received DOM event "DOMContentLoaded" for "https://www.facebook.com/"
1511586624908	Marionette	DEBUG	Received DOM event "pageshow" for "https://www.facebook.com/"
Unable to read VR Path Registry from C:\Users\lenovo\AppData\Local\openvr\openvrpaths.vrpath
[Parent 9012, Gecko_IOThread] WARNING: pipe error: 109: file z:/build/build/src/ipc/chromium/src/chrome/common/ipc_channel_win.cc, line 346
Unable to read VR Path Registry from C:\Users\lenovo\AppData\Local\openvr\openvrpaths.vrpath
[Child 10308, Chrome_ChildThread] WARNING: pipe error: 109: file z:/build/build/src/ipc/chromium/src/chrome/common/ipc_channel_win.cc, line 346
[Child 10308, Chrome_ChildThread] WARNING: pipe error: 109: file z:/build/build/src/ipc/chromium/src/chrome/common/ipc_channel_win.cc, line 346
Unable to read VR Path Registry from C:\Users\lenovo\AppData\Local\openvr\openvrpaths.vrpath
[Child 6340, Chrome_ChildThread] WARNING: pipe error: 109: file z:/build/build/src/ipc/chromium/src/chrome/common/ipc_channel_win.cc, line 346
[Child 6340, Chrome_ChildThread] WARNING: pipe error: 109: file z:/build/build/src/ipc/chromium/src/chrome/common/ipc_channel_win.cc, line 346
*** UTM:SVC TimerManager:registerTimer called after profile-before-change notification. Ignoring timer registration for id: telemetry_modules_ping
Unable to read VR Path Registry from C:\Users\lenovo\AppData\Local\openvr\openvrpaths.vrpath
[GPU 5340, Chrome_ChildThread] WARNING: pipe error: 109: file z:/build/build/src/ipc/chromium/src/chrome/common/ipc_channel_win.cc, line 346
1511586760525	geckodriver	INFO	geckodriver 0.19.1
1511586760536	geckodriver	INFO	Listening on 127.0.0.1:60324
1511586762548	mozrunner::runner	INFO	Running command: "C:\\Program Files\\Mozilla Firefox\\firefox.exe" "-marionette" "-profile" "C:\\Users\\lenovo\\AppData\\Local\\Temp\\rust_mozprofile.JInZwUHeVvBC"
1511586764195	Marionette	INFO	Enabled via --marionette
Unable to read VR Path Registry from C:\Users\lenovo\AppData\Local\openvr\openvrpaths.vrpath
[Child 5156, Chrome_ChildThread] WARNING: pipe error: 109: file z:/build/build/src/ipc/chromium/src/chrome/common/ipc_channel_win.cc, line 346
[Child 5156, Chrome_ChildThread] WARNING: pipe error: 109: file z:/build/build/src/ipc/chromium/src/chrome/common/ipc_channel_win.cc, line 346
1511586768648	Marionette	INFO	Listening on port 60330
1511586768973	Marionette	WARN	TLS certificate errors will be ignored for this session
1511586769119	Marionette	DEBUG	Register listener.js for window 4294967297
1511586769140	Marionette	DEBUG	Received DOM event "beforeunload" for "about:blank"
1511586772221	Marionette	DEBUG	Received DOM event "pagehide" for "about:blank"
1511586772222	Marionette	DEBUG	Received DOM event "unload" for "about:blank"
1511586777733	Marionette	DEBUG	Received DOM event "DOMContentLoaded" for "https://www.facebook.com/"
Unable to read VR Path Registry from C:\Users\lenovo\AppData\Local\openvr\openvrpaths.vrpath
[Parent 10312, Gecko_IOThread] WARNING: pipe error: 109: file z:/build/build/src/ipc/chromium/src/chrome/common/ipc_channel_win.cc, line 346
1511586789451	Marionette	DEBUG	Received DOM event "pageshow" for "https://www.facebook.com/"
[Parent 10312, Gecko_IOThread] WARNING: pipe error: 109: file z:/build/build/src/ipc/chromium/src/chrome/common/ipc_channel_win.cc, line 346
Unable to read VR Path Registry from C:\Users\lenovo\AppData\Local\openvr\openvrpaths.vrpath
[Child 2304, Chrome_ChildThread] WARNING: pipe error: 109: file z:/build/build/src/ipc/chromium/src/chrome/common/ipc_channel_win.cc, line 346
Unable to read VR Path Registry from C:\Users\lenovo\AppData\Local\openvr\openvrpaths.vrpath
[Child 9652, Chrome_ChildThread] WARNING: pipe error: 109: file z:/build/build/src/ipc/chromium/src/chrome/common/ipc_channel_win.cc, line 346
[Child 9652, Chrome_ChildThread] WARNING: pipe error: 109: file z:/build/build/src/ipc/chromium/src/chrome/common/ipc_channel_win.cc, line 346
*** UTM:SVC TimerManager:registerTimer called after profile-before-change notification. Ignoring timer registration for id: telemetry_modules_ping
Unable to read VR Path Registry from C:\Users\lenovo\AppData\Local\openvr\openvrpaths.vrpath
[GPU 2924, Chrome_ChildThread] WARNING: pipe error: 109: file z:/build/build/src/ipc/chromium/src/chrome/common/ipc_channel_win.cc, line 346
1511586858420	geckodriver	INFO	geckodriver 0.19.1
1511586858430	geckodriver	INFO	Listening on 127.0.0.1:60404
1511586860428	mozrunner::runner	INFO	Running command: "C:\\Program Files\\Mozilla Firefox\\firefox.exe" "-marionette" "-profile" "C:\\Users\\lenovo\\AppData\\Local\\Temp\\rust_mozprofile.OvZU3gN4TljQ"
1511586861977	Marionette	INFO	Enabled via --marionette
Unable to read VR Path Registry from C:\Users\lenovo\AppData\Local\openvr\openvrpaths.vrpath
[Child 8852, Chrome_ChildThread] WARNING: pipe error: 109: file z:/build/build/src/ipc/chromium/src/chrome/common/ipc_channel_win.cc, line 346
[Child 8852, Chrome_ChildThread] WARNING: pipe error: 109: file z:/build/build/src/ipc/chromium/src/chrome/common/ipc_channel_win.cc, line 346
1511586866186	Marionette	INFO	Listening on port 60410
1511586866195	Marionette	WARN	TLS certificate errors will be ignored for this session
1511586866288	Marionette	DEBUG	Register listener.js for window 4294967297
1511586866535	Marionette	DEBUG	Received DOM event "beforeunload" for "about:blank"
1511586870965	Marionette	DEBUG	Received DOM event "pagehide" for "about:blank"
1511586870965	Marionette	DEBUG	Received DOM event "unload" for "about:blank"
1511586875108	Marionette	DEBUG	Received DOM event "DOMContentLoaded" for "https://www.facebook.com/"
Unable to read VR Path Registry from C:\Users\lenovo\AppData\Local\openvr\openvrpaths.vrpath
[Parent 2460, Gecko_IOThread] WARNING: pipe error: 109: file z:/build/build/src/ipc/chromium/src/chrome/common/ipc_channel_win.cc, line 346
1511586886268	Marionette	DEBUG	Received DOM event "pageshow" for "https://www.facebook.com/"
1511586917597	Marionette	DEBUG	Register listener.js for window 4294967307
1511586918280	Marionette	DEBUG	Register listener.js for window 8589934593
[Parent 2460, Gecko_IOThread] WARNING: pipe error: 109: file z:/build/build/src/ipc/chromium/src/chrome/common/ipc_channel_win.cc, line 346
[Parent 2460, Gecko_IOThread] WARNING: pipe error: 109: file z:/build/build/src/ipc/chromium/src/chrome/common/ipc_channel_win.cc, line 346
1511586951801	addons.productaddons	WARN	Failed downloading via XHR, status: 0, reason: error
Unable to read VR Path Registry from C:\Users\lenovo\AppData\Local\openvr\openvrpaths.vrpath
[Child 10324, Chrome_ChildThread] WARNING: pipe error: 109: file z:/build/build/src/ipc/chromium/src/chrome/common/ipc_channel_win.cc, line 346
[Child 10324, Chrome_ChildThread] WARNING: pipe error: 109: file z:/build/build/src/ipc/chromium/src/chrome/common/ipc_channel_win.cc, line 346
Unable to read VR Path Registry from C:\Users\lenovo\AppData\Local\openvr\openvrpaths.vrpath
[Child 12404, Chrome_ChildThread] WARNING: pipe error: 109: file z:/build/build/src/ipc/chromium/src/chrome/common/ipc_channel_win.cc, line 346
[Child 12404, Chrome_ChildThread] WARNING: pipe error: 109: file z:/build/build/src/ipc/chromium/src/chrome/common/ipc_channel_win.cc, line 346
Unable to read VR Path Registry from C:\Users\lenovo\AppData\Local\openvr\openvrpaths.vrpath
[GPU 3352, Chrome_ChildThread] WARNING: pipe error: 109: file z:/build/build/src/ipc/chromium/src/chrome/common/ipc_channel_win.cc, line 346

###!!! [Child][MessageChannel::SendAndWait] Error: Channel error: cannot send/recv

1511588263293	geckodriver	INFO	geckodriver 0.19.1
1511588263305	geckodriver	INFO	Listening on 127.0.0.1:61126
1511588265309	mozrunner::runner	INFO	Running command: "C:\\Program Files\\Mozilla Firefox\\firefox.exe" "-marionette" "-profile" "C:\\Users\\lenovo\\AppData\\Local\\Temp\\rust_mozprofile.UdPc4hUAwbLq"
1511588268059	Marionette	INFO	Enabled via --marionette
Unable to read VR Path Registry from C:\Users\lenovo\AppData\Local\openvr\openvrpaths.vrpath
[Child 8956, Chrome_ChildThread] WARNING: pipe error: 109: file z:/build/build/src/ipc/chromium/src/chrome/common/ipc_channel_win.cc, line 346
[Child 8956, Chrome_ChildThread] WARNING: pipe error: 109: file z:/build/build/src/ipc/chromium/src/chrome/common/ipc_channel_win.cc, line 346
1511588272917	Marionette	INFO	Listening on port 61132
1511588273298	Marionette	WARN	TLS certificate errors will be ignored for this session
1511588273412	Marionette	DEBUG	Register listener.js for window 4294967297
1511588273436	Marionette	DEBUG	Received DOM event "beforeunload" for "about:blank"
1511588274594	Marionette	DEBUG	Received DOM event "pagehide" for "about:blank"
1511588274596	Marionette	DEBUG	Received DOM event "unload" for "about:blank"
1511588276369	Marionette	DEBUG	Received DOM event "DOMContentLoaded" for "https://www.facebook.com/"
1511588280385	Marionette	DEBUG	Received DOM event "pageshow" for "https://www.facebook.com/"
Unable to read VR Path Registry from C:\Users\lenovo\AppData\Local\openvr\openvrpaths.vrpath
[Parent 7996, Gecko_IOThread] WARNING: pipe error: 109: file z:/build/build/src/ipc/chromium/src/chrome/common/ipc_channel_win.cc, line 346
[Parent 7996, Gecko_IOThread] WARNING: pipe error: 109: file z:/build/build/src/ipc/chromium/src/chrome/common/ipc_channel_win.cc, line 346
Unable to read VR Path Registry from C:\Users\lenovo\AppData\Local\openvr\openvrpaths.vrpath
[Child 5396, Chrome_ChildThread] WARNING: pipe error: 109: file z:/build/build/src/ipc/chromium/src/chrome/common/ipc_channel_win.cc, line 346
[Child 5396, Chrome_ChildThread] WARNING: pipe error: 109: file z:/build/build/src/ipc/chromium/src/chrome/common/ipc_channel_win.cc, line 346
Unable to read VR Path Registry from C:\Users\lenovo\AppData\Local\openvr\openvrpaths.vrpath
[Child 9228, Chrome_ChildThread] WARNING: pipe error: 109: file z:/build/build/src/ipc/chromium/src/chrome/common/ipc_channel_win.cc, line 346
[Child 9228, Chrome_ChildThread] WARNING: pipe error: 109: file z:/build/build/src/ipc/chromium/src/chrome/common/ipc_channel_win.cc, line 346
*** UTM:SVC TimerManager:registerTimer called after profile-before-change notification. Ignoring timer registration for id: telemetry_modules_ping
Unable to read VR Path Registry from C:\Users\lenovo\AppData\Local\openvr\openvrpaths.vrpath
[GPU 3856, Chrome_ChildThread] WARNING: pipe error: 109: file z:/build/build/src/ipc/chromium/src/chrome/common/ipc_channel_win.cc, line 346

###!!! [Child][MessageChannel::SendAndWait] Error: Channel error: cannot send/recv

1511588385766	geckodriver	INFO	geckodriver 0.19.1
1511588385779	geckodriver	INFO	Listening on 127.0.0.1:61205
1511588387781	mozrunner::runner	INFO	Running command: "C:\\Program Files\\Mozilla Firefox\\firefox.exe" "-marionette" "-profile" "C:\\Users\\lenovo\\AppData\\Local\\Temp\\rust_mozprofile.U0QVeC4uABn7"
1511588389547	Marionette	INFO	Enabled via --marionette
Unable to read VR Path Registry from C:\Users\lenovo\AppData\Local\openvr\openvrpaths.vrpath
[Child 3212, Chrome_ChildThread] WARNING: pipe error: 109: file z:/build/build/src/ipc/chromium/src/chrome/common/ipc_channel_win.cc, line 346
[Child 3212, Chrome_ChildThread] WARNING: pipe error: 109: file z:/build/build/src/ipc/chromium/src/chrome/common/ipc_channel_win.cc, line 346
1511588394507	Marionette	INFO	Listening on port 61211
1511588395137	Marionette	WARN	TLS certificate errors will be ignored for this session
1511588395229	Marionette	DEBUG	Register listener.js for window 4294967297
1511588395253	Marionette	DEBUG	Received DOM event "beforeunload" for "about:blank"
1511588396577	Marionette	DEBUG	Received DOM event "pagehide" for "about:blank"
1511588396578	Marionette	DEBUG	Received DOM event "unload" for "about:blank"
1511588398424	Marionette	DEBUG	Received DOM event "DOMContentLoaded" for "https://www.facebook.com/"
1511588400615	Marionette	DEBUG	Received DOM event "pageshow" for "https://www.facebook.com/"
1511588547076	geckodriver	INFO	geckodriver 0.19.1
1511588547088	geckodriver	INFO	Listening on 127.0.0.1:61321
1511588549106	mozrunner::runner	INFO	Running command: "C:\\Program Files\\Mozilla Firefox\\firefox.exe" "-marionette" "-profile" "C:\\Users\\lenovo\\AppData\\Local\\Temp\\rust_mozprofile.aE7HGSueoHFP"
1511588550725	Marionette	INFO	Enabled via --marionette
Unable to read VR Path Registry from C:\Users\lenovo\AppData\Local\openvr\openvrpaths.vrpath
[Child 3744, Chrome_ChildThread] WARNING: pipe error: 109: file z:/build/build/src/ipc/chromium/src/chrome/common/ipc_channel_win.cc, line 346
[Child 3744, Chrome_ChildThread] WARNING: pipe error: 109: file z:/build/build/src/ipc/chromium/src/chrome/common/ipc_channel_win.cc, line 346
1511588554682	Marionette	INFO	Listening on port 61327
1511588555067	Marionette	WARN	TLS certificate errors will be ignored for this session
1511588555168	Marionette	DEBUG	Register listener.js for window 4294967297
1511588555194	Marionette	DEBUG	Received DOM event "beforeunload" for "about:blank"
1511588557858	Marionette	DEBUG	Received DOM event "pagehide" for "about:blank"
1511588557858	Marionette	DEBUG	Received DOM event "unload" for "about:blank"
1511588596978	Marionette	DEBUG	Received DOM event "DOMContentLoaded" for "https://www.sakshi.com/"
1511588597382	Marionette	DEBUG	Received observer notification "outer-window-destroyed" for "4294967339"
1511588600928	Marionette	DEBUG	Register listener.js for window 4294967347
1511588601776	Marionette	DEBUG	Register listener.js for window 8589934593
1511588617584	Marionette	DEBUG	Received DOM event "pageshow" for "https://www.sakshi.com/"
Unable to read VR Path Registry from C:\Users\lenovo\AppData\Local\openvr\openvrpaths.vrpath
[Child 2140, Chrome_ChildThread] WARNING: pipe error: 109: file z:/build/build/src/ipc/chromium/src/chrome/common/ipc_channel_win.cc, line 346
[Child 2140, Chrome_ChildThread] WARNING: pipe error: 109: file z:/build/build/src/ipc/chromium/src/chrome/common/ipc_channel_win.cc, line 346
Unable to read VR Path Registry from C:\Users\lenovo\AppData\Local\openvr\openvrpaths.vrpath
[Child 9804, Chrome_ChildThread] WARNING: pipe error: 109: file z:/build/build/src/ipc/chromium/src/chrome/common/ipc_channel_win.cc, line 346
[Child 9804, Chrome_ChildThread] WARNING: pipe error: 109: file z:/build/build/src/ipc/chromium/src/chrome/common/ipc_channel_win.cc, line 346
Unable to read VR Path Registry from C:\Users\lenovo\AppData\Local\openvr\openvrpaths.vrpath
[Child 13016, Chrome_ChildThread] WARNING: pipe error: 109: file z:/build/build/src/ipc/chromium/src/chrome/common/ipc_channel_win.cc, line 346
Unable to read VR Path Registry from C:\Users\lenovo\AppData\Local\openvr\openvrpaths.vrpath
[GPU 12088, Chrome_ChildThread] WARNING: pipe error: 109: file z:/build/build/src/ipc/chromium/src/chrome/common/ipc_channel_win.cc, line 346

###!!! [Child][MessageChannel::SendAndWait] Error: Channel error: cannot send/recv

Unable to read VR Path Registry from C:\Users\lenovo\AppData\Local\openvr\openvrpaths.vrpath
1511594955871	geckodriver	INFO	geckodriver 0.19.1
1511594955914	geckodriver	INFO	Listening on 127.0.0.1:63018
1511594957884	mozrunner::runner	INFO	Running command: "C:\\Program Files\\Mozilla Firefox\\firefox.exe" "-marionette" "-profile" "C:\\Users\\lenovo\\AppData\\Local\\Temp\\rust_mozprofile.Hxnnr88GXddS"
1511594961467	Marionette	INFO	Enabled via --marionette
Unable to read VR Path Registry from C:\Users\lenovo\AppData\Local\openvr\openvrpaths.vrpath
[Child 2556, Chrome_ChildThread] WARNING: pipe error: 109: file z:/build/build/src/ipc/chromium/src/chrome/common/ipc_channel_win.cc, line 346
[Child 2556, Chrome_ChildThread] WARNING: pipe error: 109: file z:/build/build/src/ipc/chromium/src/chrome/common/ipc_channel_win.cc, line 346
1511594968644	Marionette	INFO	Listening on port 63025
1511594969550	Marionette	WARN	TLS certificate errors will be ignored for this session
1511594969695	Marionette	DEBUG	Register listener.js for window 4294967297
1511594969949	Marionette	DEBUG	Received DOM event "beforeunload" for "about:blank"
1511594970843	Marionette	DEBUG	Received DOM event "pagehide" for "about:blank"
1511594970844	Marionette	DEBUG	Received DOM event "unload" for "about:blank"
1511594972660	Marionette	DEBUG	Received DOM event "DOMContentLoaded" for "https://www.facebook.com/"
Unable to read VR Path Registry from C:\Users\lenovo\AppData\Local\openvr\openvrpaths.vrpath
[Parent 8216, Gecko_IOThread] WARNING: pipe error: 109: file z:/build/build/src/ipc/chromium/src/chrome/common/ipc_channel_win.cc, line 346
1511594974814	Marionette	DEBUG	Received DOM event "pageshow" for "https://www.facebook.com/"
